<?xml version="1.0" encoding="UTF-8"?>
<testsuite xmlns:xsi="http://www.w3.org/2001/XMLSchema-instance" xsi:noNamespaceSchemaLocation="https://maven.apache.org/surefire/maven-surefire-plugin/xsd/surefire-test-report.xsd" name="com.jyw.learn.AppTest" time="0.051" tests="1" errors="0" skipped="0" failures="0">
  <properties>
    <property name="sun.desktop" value="windows"/>
    <property name="awt.toolkit" value="sun.awt.windows.WToolkit"/>
    <property name="file.encoding.pkg" value="sun.io"/>
    <property name="java.specification.version" value="1.8"/>
    <property name="sun.cpu.isalist" value="amd64"/>
    <property name="sun.jnu.encoding" value="GBK"/>
    <property name="java.class.path" value="D:\学习\parent\jyw-learn\target\test-classes;D:\学习\parent\jyw-learn\target\classes;D:\repository\org\springframework\cloud\spring-cloud-starter-netflix-eureka-server\2.1.2.RELEASE\spring-cloud-starter-netflix-eureka-server-2.1.2.RELEASE.jar;D:\repository\org\springframework\cloud\spring-cloud-starter\2.1.2.RELEASE\spring-cloud-starter-2.1.2.RELEASE.jar;D:\repository\org\springframework\cloud\spring-cloud-context\2.1.2.RELEASE\spring-cloud-context-2.1.2.RELEASE.jar;D:\repository\org\springframework\security\spring-security-crypto\5.1.3.RELEASE\spring-security-crypto-5.1.3.RELEASE.jar;D:\repository\org\springframework\cloud\spring-cloud-commons\2.1.2.RELEASE\spring-cloud-commons-2.1.2.RELEASE.jar;D:\repository\org\springframework\security\spring-security-rsa\1.0.7.RELEASE\spring-security-rsa-1.0.7.RELEASE.jar;D:\repository\org\bouncycastle\bcpkix-jdk15on\1.60\bcpkix-jdk15on-1.60.jar;D:\repository\org\bouncycastle\bcprov-jdk15on\1.60\bcprov-jdk15on-1.60.jar;D:\repository\org\springframework\cloud\spring-cloud-netflix-eureka-server\2.1.2.RELEASE\spring-cloud-netflix-eureka-server-2.1.2.RELEASE.jar;D:\repository\org\springframework\boot\spring-boot-starter-actuator\2.1.2.RELEASE\spring-boot-starter-actuator-2.1.2.RELEASE.jar;D:\repository\org\springframework\boot\spring-boot-actuator-autoconfigure\2.1.2.RELEASE\spring-boot-actuator-autoconfigure-2.1.2.RELEASE.jar;D:\repository\org\springframework\boot\spring-boot-actuator\2.1.2.RELEASE\spring-boot-actuator-2.1.2.RELEASE.jar;D:\repository\io\micrometer\micrometer-core\1.1.2\micrometer-core-1.1.2.jar;D:\repository\org\hdrhistogram\HdrHistogram\2.1.9\HdrHistogram-2.1.9.jar;D:\repository\org\latencyutils\LatencyUtils\2.0.3\LatencyUtils-2.0.3.jar;D:\repository\org\springframework\boot\spring-boot-starter-freemarker\2.1.2.RELEASE\spring-boot-starter-freemarker-2.1.2.RELEASE.jar;D:\repository\org\freemarker\freemarker\2.3.28\freemarker-2.3.28.jar;D:\repository\com\sun\jersey\jersey-servlet\1.19.1\jersey-servlet-1.19.1.jar;D:\repository\com\sun\jersey\jersey-server\1.19.1\jersey-server-1.19.1.jar;D:\repository\com\netflix\archaius\archaius-core\0.7.6\archaius-core-0.7.6.jar;D:\repository\com\google\code\findbugs\jsr305\3.0.1\jsr305-3.0.1.jar;D:\repository\com\google\guava\guava\16.0\guava-16.0.jar;D:\repository\javax\inject\javax.inject\1\javax.inject-1.jar;D:\repository\com\fasterxml\jackson\dataformat\jackson-dataformat-xml\2.9.8\jackson-dataformat-xml-2.9.8.jar;D:\repository\com\fasterxml\jackson\module\jackson-module-jaxb-annotations\2.9.8\jackson-module-jaxb-annotations-2.9.8.jar;D:\repository\org\codehaus\woodstox\stax2-api\3.1.4\stax2-api-3.1.4.jar;D:\repository\org\springframework\cloud\spring-cloud-starter-netflix-archaius\2.1.2.RELEASE\spring-cloud-starter-netflix-archaius-2.1.2.RELEASE.jar;D:\repository\org\springframework\cloud\spring-cloud-netflix-ribbon\2.1.2.RELEASE\spring-cloud-netflix-ribbon-2.1.2.RELEASE.jar;D:\repository\org\springframework\cloud\spring-cloud-netflix-archaius\2.1.2.RELEASE\spring-cloud-netflix-archaius-2.1.2.RELEASE.jar;D:\repository\commons-configuration\commons-configuration\1.8\commons-configuration-1.8.jar;D:\repository\commons-lang\commons-lang\2.6\commons-lang-2.6.jar;D:\repository\org\springframework\cloud\spring-cloud-starter-netflix-ribbon\2.1.2.RELEASE\spring-cloud-starter-netflix-ribbon-2.1.2.RELEASE.jar;D:\repository\com\netflix\ribbon\ribbon\2.3.0\ribbon-2.3.0.jar;D:\repository\com\netflix\ribbon\ribbon-transport\2.3.0\ribbon-transport-2.3.0.jar;D:\repository\io\reactivex\rxnetty-contexts\0.4.9\rxnetty-contexts-0.4.9.jar;D:\repository\io\reactivex\rxnetty-servo\0.4.9\rxnetty-servo-0.4.9.jar;D:\repository\com\netflix\hystrix\hystrix-core\1.4.3\hystrix-core-1.4.3.jar;D:\repository\io\reactivex\rxnetty\0.4.9\rxnetty-0.4.9.jar;D:\repository\com\netflix\ribbon\ribbon-core\2.3.0\ribbon-core-2.3.0.jar;D:\repository\com\netflix\ribbon\ribbon-httpclient\2.3.0\ribbon-httpclient-2.3.0.jar;D:\repository\commons-collections\commons-collections\3.2.2\commons-collections-3.2.2.jar;D:\repository\com\netflix\netflix-commons\netflix-commons-util\0.1.1\netflix-commons-util-0.1.1.jar;D:\repository\com\netflix\ribbon\ribbon-loadbalancer\2.3.0\ribbon-loadbalancer-2.3.0.jar;D:\repository\com\netflix\netflix-commons\netflix-statistics\0.1.1\netflix-statistics-0.1.1.jar;D:\repository\io\reactivex\rxjava\1.3.8\rxjava-1.3.8.jar;D:\repository\com\netflix\ribbon\ribbon-eureka\2.3.0\ribbon-eureka-2.3.0.jar;D:\repository\junit\junit\4.7\junit-4.7.jar;D:\repository\com\google\code\gson\gson\2.8.5\gson-2.8.5.jar;D:\repository\net\sf\ehcache\ehcache\2.10.6\ehcache-2.10.6.jar;D:\repository\org\slf4j\slf4j-api\1.7.25\slf4j-api-1.7.25.jar;D:\repository\org\springframework\boot\spring-boot-starter-data-jpa\2.1.2.RELEASE\spring-boot-starter-data-jpa-2.1.2.RELEASE.jar;D:\repository\org\springframework\boot\spring-boot-starter-aop\2.1.2.RELEASE\spring-boot-starter-aop-2.1.2.RELEASE.jar;D:\repository\org\springframework\spring-aop\5.1.4.RELEASE\spring-aop-5.1.4.RELEASE.jar;D:\repository\org\aspectj\aspectjweaver\1.9.2\aspectjweaver-1.9.2.jar;D:\repository\javax\transaction\javax.transaction-api\1.3\javax.transaction-api-1.3.jar;D:\repository\javax\xml\bind\jaxb-api\2.3.1\jaxb-api-2.3.1.jar;D:\repository\javax\activation\javax.activation-api\1.2.0\javax.activation-api-1.2.0.jar;D:\repository\org\hibernate\hibernate-core\5.3.7.Final\hibernate-core-5.3.7.Final.jar;D:\repository\org\jboss\logging\jboss-logging\3.3.2.Final\jboss-logging-3.3.2.Final.jar;D:\repository\javax\persistence\javax.persistence-api\2.2\javax.persistence-api-2.2.jar;D:\repository\org\javassist\javassist\3.23.1-GA\javassist-3.23.1-GA.jar;D:\repository\net\bytebuddy\byte-buddy\1.9.7\byte-buddy-1.9.7.jar;D:\repository\antlr\antlr\2.7.7\antlr-2.7.7.jar;D:\repository\org\jboss\jandex\2.0.5.Final\jandex-2.0.5.Final.jar;D:\repository\com\fasterxml\classmate\1.4.0\classmate-1.4.0.jar;D:\repository\org\dom4j\dom4j\2.1.1\dom4j-2.1.1.jar;D:\repository\org\hibernate\common\hibernate-commons-annotations\5.0.4.Final\hibernate-commons-annotations-5.0.4.Final.jar;D:\repository\org\springframework\data\spring-data-jpa\2.1.4.RELEASE\spring-data-jpa-2.1.4.RELEASE.jar;D:\repository\org\springframework\data\spring-data-commons\2.1.4.RELEASE\spring-data-commons-2.1.4.RELEASE.jar;D:\repository\org\springframework\spring-orm\5.1.4.RELEASE\spring-orm-5.1.4.RELEASE.jar;D:\repository\org\springframework\spring-aspects\5.1.4.RELEASE\spring-aspects-5.1.4.RELEASE.jar;D:\repository\org\springframework\spring-context-support\5.3.3\spring-context-support-5.3.3.jar;D:\repository\org\springframework\spring-beans\5.1.4.RELEASE\spring-beans-5.1.4.RELEASE.jar;D:\repository\org\springframework\spring-context\5.1.4.RELEASE\spring-context-5.1.4.RELEASE.jar;D:\repository\org\springframework\spring-expression\5.1.4.RELEASE\spring-expression-5.1.4.RELEASE.jar;D:\repository\org\springframework\spring-core\5.1.4.RELEASE\spring-core-5.1.4.RELEASE.jar;D:\repository\org\springframework\spring-jcl\5.1.4.RELEASE\spring-jcl-5.1.4.RELEASE.jar;D:\repository\org\springframework\boot\spring-boot-starter-web\2.1.2.RELEASE\spring-boot-starter-web-2.1.2.RELEASE.jar;D:\repository\org\springframework\boot\spring-boot-starter\2.1.2.RELEASE\spring-boot-starter-2.1.2.RELEASE.jar;D:\repository\org\springframework\boot\spring-boot\2.1.2.RELEASE\spring-boot-2.1.2.RELEASE.jar;D:\repository\org\springframework\boot\spring-boot-starter-logging\2.1.2.RELEASE\spring-boot-starter-logging-2.1.2.RELEASE.jar;D:\repository\ch\qos\logback\logback-classic\1.2.3\logback-classic-1.2.3.jar;D:\repository\ch\qos\logback\logback-core\1.2.3\logback-core-1.2.3.jar;D:\repository\org\apache\logging\log4j\log4j-to-slf4j\2.11.1\log4j-to-slf4j-2.11.1.jar;D:\repository\org\apache\logging\log4j\log4j-api\2.11.1\log4j-api-2.11.1.jar;D:\repository\org\slf4j\jul-to-slf4j\1.7.25\jul-to-slf4j-1.7.25.jar;D:\repository\javax\annotation\javax.annotation-api\1.3.2\javax.annotation-api-1.3.2.jar;D:\repository\org\yaml\snakeyaml\1.23\snakeyaml-1.23.jar;D:\repository\org\springframework\boot\spring-boot-starter-json\2.1.2.RELEASE\spring-boot-starter-json-2.1.2.RELEASE.jar;D:\repository\com\fasterxml\jackson\core\jackson-databind\2.9.8\jackson-databind-2.9.8.jar;D:\repository\com\fasterxml\jackson\datatype\jackson-datatype-jdk8\2.9.8\jackson-datatype-jdk8-2.9.8.jar;D:\repository\com\fasterxml\jackson\datatype\jackson-datatype-jsr310\2.9.8\jackson-datatype-jsr310-2.9.8.jar;D:\repository\com\fasterxml\jackson\module\jackson-module-parameter-names\2.9.8\jackson-module-parameter-names-2.9.8.jar;D:\repository\org\springframework\boot\spring-boot-starter-tomcat\2.1.2.RELEASE\spring-boot-starter-tomcat-2.1.2.RELEASE.jar;D:\repository\org\apache\tomcat\embed\tomcat-embed-core\9.0.14\tomcat-embed-core-9.0.14.jar;D:\repository\org\apache\tomcat\embed\tomcat-embed-el\9.0.14\tomcat-embed-el-9.0.14.jar;D:\repository\org\apache\tomcat\embed\tomcat-embed-websocket\9.0.14\tomcat-embed-websocket-9.0.14.jar;D:\repository\org\hibernate\validator\hibernate-validator\6.0.14.Final\hibernate-validator-6.0.14.Final.jar;D:\repository\javax\validation\validation-api\2.0.1.Final\validation-api-2.0.1.Final.jar;D:\repository\org\springframework\spring-web\5.1.4.RELEASE\spring-web-5.1.4.RELEASE.jar;D:\repository\org\springframework\spring-webmvc\5.1.4.RELEASE\spring-webmvc-5.1.4.RELEASE.jar;D:\repository\org\springframework\boot\spring-boot-starter-thymeleaf\2.1.2.RELEASE\spring-boot-starter-thymeleaf-2.1.2.RELEASE.jar;D:\repository\org\thymeleaf\thymeleaf-spring5\3.0.11.RELEASE\thymeleaf-spring5-3.0.11.RELEASE.jar;D:\repository\org\thymeleaf\thymeleaf\3.0.11.RELEASE\thymeleaf-3.0.11.RELEASE.jar;D:\repository\org\attoparser\attoparser\2.0.5.RELEASE\attoparser-2.0.5.RELEASE.jar;D:\repository\org\unbescape\unbescape\1.1.6.RELEASE\unbescape-1.1.6.RELEASE.jar;D:\repository\org\thymeleaf\extras\thymeleaf-extras-java8time\3.0.2.RELEASE\thymeleaf-extras-java8time-3.0.2.RELEASE.jar;D:\repository\org\springframework\boot\spring-boot-starter-jdbc\2.1.2.RELEASE\spring-boot-starter-jdbc-2.1.2.RELEASE.jar;D:\repository\com\zaxxer\HikariCP\3.2.0\HikariCP-3.2.0.jar;D:\repository\org\springframework\spring-jdbc\5.1.4.RELEASE\spring-jdbc-5.1.4.RELEASE.jar;D:\repository\org\mybatis\spring\boot\mybatis-spring-boot-starter\2.1.1\mybatis-spring-boot-starter-2.1.1.jar;D:\repository\org\mybatis\spring\boot\mybatis-spring-boot-autoconfigure\2.1.1\mybatis-spring-boot-autoconfigure-2.1.1.jar;D:\repository\org\springframework\boot\spring-boot-starter-quartz\2.1.2.RELEASE\spring-boot-starter-quartz-2.1.2.RELEASE.jar;D:\repository\org\springframework\spring-tx\5.1.4.RELEASE\spring-tx-5.1.4.RELEASE.jar;D:\repository\org\quartz-scheduler\quartz\2.3.0\quartz-2.3.0.jar;D:\repository\com\mchange\mchange-commons-java\0.2.11\mchange-commons-java-0.2.11.jar;D:\repository\org\mybatis\mybatis-spring\2.0.5\mybatis-spring-2.0.5.jar;D:\repository\org\mybatis\mybatis\3.5.6\mybatis-3.5.6.jar;D:\repository\com\baomidou\mybatis-plus-boot-starter\3.4.2\mybatis-plus-boot-starter-3.4.2.jar;D:\repository\com\baomidou\mybatis-plus\3.4.2\mybatis-plus-3.4.2.jar;D:\repository\com\baomidou\mybatis-plus-extension\3.4.2\mybatis-plus-extension-3.4.2.jar;D:\repository\com\baomidou\mybatis-plus-core\3.4.2\mybatis-plus-core-3.4.2.jar;D:\repository\com\baomidou\mybatis-plus-annotation\3.4.2\mybatis-plus-annotation-3.4.2.jar;D:\repository\com\github\jsqlparser\jsqlparser\4.0\jsqlparser-4.0.jar;D:\repository\org\springframework\boot\spring-boot-autoconfigure\2.1.2.RELEASE\spring-boot-autoconfigure-2.1.2.RELEASE.jar;D:\repository\org\apache\tomcat\tomcat-jdbc\9.0.14\tomcat-jdbc-9.0.14.jar;D:\repository\org\apache\tomcat\tomcat-juli\9.0.14\tomcat-juli-9.0.14.jar;D:\repository\mysql\mysql-connector-java\5.1.37\mysql-connector-java-5.1.37.jar;D:\repository\com\alibaba\fastjson\1.2.76\fastjson-1.2.76.jar;D:\repository\redis\clients\jedis\2.9.1\jedis-2.9.1.jar;D:\repository\org\apache\commons\commons-pool2\2.6.0\commons-pool2-2.6.0.jar;D:\repository\org\springframework\boot\spring-boot-configuration-processor\2.1.2.RELEASE\spring-boot-configuration-processor-2.1.2.RELEASE.jar;D:\repository\org\projectlombok\lombok\1.18.4\lombok-1.18.4.jar;D:\repository\org\springframework\cloud\spring-cloud-starter-netflix-eureka-client\2.1.2.RELEASE\spring-cloud-starter-netflix-eureka-client-2.1.2.RELEASE.jar;D:\repository\org\springframework\cloud\spring-cloud-netflix-hystrix\2.1.2.RELEASE\spring-cloud-netflix-hystrix-2.1.2.RELEASE.jar;D:\repository\org\springframework\cloud\spring-cloud-netflix-eureka-client\2.1.2.RELEASE\spring-cloud-netflix-eureka-client-2.1.2.RELEASE.jar;D:\repository\com\netflix\eureka\eureka-client\1.9.12\eureka-client-1.9.12.jar;D:\repository\org\codehaus\jettison\jettison\1.3.7\jettison-1.3.7.jar;D:\repository\stax\stax-api\1.0.1\stax-api-1.0.1.jar;D:\repository\com\netflix\netflix-commons\netflix-eventbus\0.3.0\netflix-eventbus-0.3.0.jar;D:\repository\com\netflix\netflix-commons\netflix-infix\0.3.0\netflix-infix-0.3.0.jar;D:\repository\commons-jxpath\commons-jxpath\1.3\commons-jxpath-1.3.jar;D:\repository\joda-time\joda-time\2.10.1\joda-time-2.10.1.jar;D:\repository\org\antlr\antlr-runtime\3.4\antlr-runtime-3.4.jar;D:\repository\org\antlr\stringtemplate\3.2.1\stringtemplate-3.2.1.jar;D:\repository\org\apache\commons\commons-math\2.2\commons-math-2.2.jar;D:\repository\javax\ws\rs\jsr311-api\1.1.1\jsr311-api-1.1.1.jar;D:\repository\com\netflix\servo\servo-core\0.12.21\servo-core-0.12.21.jar;D:\repository\com\sun\jersey\jersey-core\1.19.1\jersey-core-1.19.1.jar;D:\repository\com\sun\jersey\jersey-client\1.19.1\jersey-client-1.19.1.jar;D:\repository\com\sun\jersey\contribs\jersey-apache-client4\1.19.1\jersey-apache-client4-1.19.1.jar;D:\repository\org\apache\httpcomponents\httpclient\4.5.6\httpclient-4.5.6.jar;D:\repository\org\apache\httpcomponents\httpcore\4.4.10\httpcore-4.4.10.jar;D:\repository\commons-codec\commons-codec\1.11\commons-codec-1.11.jar;D:\repository\com\google\inject\guice\4.1.0\guice-4.1.0.jar;D:\repository\aopalliance\aopalliance\1.0\aopalliance-1.0.jar;D:\repository\com\github\vlsi\compactmap\compactmap\1.2.1\compactmap-1.2.1.jar;D:\repository\com\github\andrewoma\dexx\dexx-collections\0.2\dexx-collections-0.2.jar;D:\repository\com\fasterxml\jackson\core\jackson-annotations\2.9.0\jackson-annotations-2.9.0.jar;D:\repository\com\fasterxml\jackson\core\jackson-core\2.9.8\jackson-core-2.9.8.jar;D:\repository\com\netflix\eureka\eureka-core\1.9.12\eureka-core-1.9.12.jar;D:\repository\com\fasterxml\woodstox\woodstox-core\5.2.1\woodstox-core-5.2.1.jar;D:\repository\com\thoughtworks\xstream\xstream\1.4.10\xstream-1.4.10.jar;D:\repository\xmlpull\xmlpull\1.1.3.1\xmlpull-1.1.3.1.jar;D:\repository\xpp3\xpp3_min\1.1.4c\xpp3_min-1.1.4c.jar;D:\repository\org\springframework\kafka\spring-kafka\2.2.3.RELEASE\spring-kafka-2.2.3.RELEASE.jar;D:\repository\org\springframework\spring-messaging\5.1.4.RELEASE\spring-messaging-5.1.4.RELEASE.jar;D:\repository\org\springframework\retry\spring-retry\1.2.3.RELEASE\spring-retry-1.2.3.RELEASE.jar;D:\repository\org\apache\kafka\kafka-clients\2.0.1\kafka-clients-2.0.1.jar;D:\repository\org\lz4\lz4-java\1.4.1\lz4-java-1.4.1.jar;D:\repository\org\xerial\snappy\snappy-java\1.1.7.1\snappy-java-1.1.7.1.jar;"/>
    <property name="java.vm.vendor" value="Oracle Corporation"/>
    <property name="sun.arch.data.model" value="64"/>
    <property name="user.variant" value=""/>
    <property name="java.vendor.url" value="http://java.oracle.com/"/>
    <property name="user.timezone" value="Asia/Shanghai"/>
    <property name="java.vm.specification.version" value="1.8"/>
    <property name="os.name" value="Windows 10"/>
    <property name="user.country" value="CN"/>
    <property name="sun.java.launcher" value="SUN_STANDARD"/>
    <property name="sun.boot.library.path" value="C:\Program Files\Java\jdk1.8.0_281\jre\bin"/>
    <property name="sun.java.command" value="C:\Users\86158\AppData\Local\Temp\surefire6920843051234332507\surefirebooter7079413007686775704.jar C:\Users\86158\AppData\Local\Temp\surefire6920843051234332507 2022-03-26T12-35-48_450-jvmRun1 surefire5716433522130503929tmp surefire_05781976733270327656tmp"/>
    <property name="surefire.test.class.path" value="D:\学习\parent\jyw-learn\target\test-classes;D:\学习\parent\jyw-learn\target\classes;D:\repository\org\springframework\cloud\spring-cloud-starter-netflix-eureka-server\2.1.2.RELEASE\spring-cloud-starter-netflix-eureka-server-2.1.2.RELEASE.jar;D:\repository\org\springframework\cloud\spring-cloud-starter\2.1.2.RELEASE\spring-cloud-starter-2.1.2.RELEASE.jar;D:\repository\org\springframework\cloud\spring-cloud-context\2.1.2.RELEASE\spring-cloud-context-2.1.2.RELEASE.jar;D:\repository\org\springframework\security\spring-security-crypto\5.1.3.RELEASE\spring-security-crypto-5.1.3.RELEASE.jar;D:\repository\org\springframework\cloud\spring-cloud-commons\2.1.2.RELEASE\spring-cloud-commons-2.1.2.RELEASE.jar;D:\repository\org\springframework\security\spring-security-rsa\1.0.7.RELEASE\spring-security-rsa-1.0.7.RELEASE.jar;D:\repository\org\bouncycastle\bcpkix-jdk15on\1.60\bcpkix-jdk15on-1.60.jar;D:\repository\org\bouncycastle\bcprov-jdk15on\1.60\bcprov-jdk15on-1.60.jar;D:\repository\org\springframework\cloud\spring-cloud-netflix-eureka-server\2.1.2.RELEASE\spring-cloud-netflix-eureka-server-2.1.2.RELEASE.jar;D:\repository\org\springframework\boot\spring-boot-starter-actuator\2.1.2.RELEASE\spring-boot-starter-actuator-2.1.2.RELEASE.jar;D:\repository\org\springframework\boot\spring-boot-actuator-autoconfigure\2.1.2.RELEASE\spring-boot-actuator-autoconfigure-2.1.2.RELEASE.jar;D:\repository\org\springframework\boot\spring-boot-actuator\2.1.2.RELEASE\spring-boot-actuator-2.1.2.RELEASE.jar;D:\repository\io\micrometer\micrometer-core\1.1.2\micrometer-core-1.1.2.jar;D:\repository\org\hdrhistogram\HdrHistogram\2.1.9\HdrHistogram-2.1.9.jar;D:\repository\org\latencyutils\LatencyUtils\2.0.3\LatencyUtils-2.0.3.jar;D:\repository\org\springframework\boot\spring-boot-starter-freemarker\2.1.2.RELEASE\spring-boot-starter-freemarker-2.1.2.RELEASE.jar;D:\repository\org\freemarker\freemarker\2.3.28\freemarker-2.3.28.jar;D:\repository\com\sun\jersey\jersey-servlet\1.19.1\jersey-servlet-1.19.1.jar;D:\repository\com\sun\jersey\jersey-server\1.19.1\jersey-server-1.19.1.jar;D:\repository\com\netflix\archaius\archaius-core\0.7.6\archaius-core-0.7.6.jar;D:\repository\com\google\code\findbugs\jsr305\3.0.1\jsr305-3.0.1.jar;D:\repository\com\google\guava\guava\16.0\guava-16.0.jar;D:\repository\javax\inject\javax.inject\1\javax.inject-1.jar;D:\repository\com\fasterxml\jackson\dataformat\jackson-dataformat-xml\2.9.8\jackson-dataformat-xml-2.9.8.jar;D:\repository\com\fasterxml\jackson\module\jackson-module-jaxb-annotations\2.9.8\jackson-module-jaxb-annotations-2.9.8.jar;D:\repository\org\codehaus\woodstox\stax2-api\3.1.4\stax2-api-3.1.4.jar;D:\repository\org\springframework\cloud\spring-cloud-starter-netflix-archaius\2.1.2.RELEASE\spring-cloud-starter-netflix-archaius-2.1.2.RELEASE.jar;D:\repository\org\springframework\cloud\spring-cloud-netflix-ribbon\2.1.2.RELEASE\spring-cloud-netflix-ribbon-2.1.2.RELEASE.jar;D:\repository\org\springframework\cloud\spring-cloud-netflix-archaius\2.1.2.RELEASE\spring-cloud-netflix-archaius-2.1.2.RELEASE.jar;D:\repository\commons-configuration\commons-configuration\1.8\commons-configuration-1.8.jar;D:\repository\commons-lang\commons-lang\2.6\commons-lang-2.6.jar;D:\repository\org\springframework\cloud\spring-cloud-starter-netflix-ribbon\2.1.2.RELEASE\spring-cloud-starter-netflix-ribbon-2.1.2.RELEASE.jar;D:\repository\com\netflix\ribbon\ribbon\2.3.0\ribbon-2.3.0.jar;D:\repository\com\netflix\ribbon\ribbon-transport\2.3.0\ribbon-transport-2.3.0.jar;D:\repository\io\reactivex\rxnetty-contexts\0.4.9\rxnetty-contexts-0.4.9.jar;D:\repository\io\reactivex\rxnetty-servo\0.4.9\rxnetty-servo-0.4.9.jar;D:\repository\com\netflix\hystrix\hystrix-core\1.4.3\hystrix-core-1.4.3.jar;D:\repository\io\reactivex\rxnetty\0.4.9\rxnetty-0.4.9.jar;D:\repository\com\netflix\ribbon\ribbon-core\2.3.0\ribbon-core-2.3.0.jar;D:\repository\com\netflix\ribbon\ribbon-httpclient\2.3.0\ribbon-httpclient-2.3.0.jar;D:\repository\commons-collections\commons-collections\3.2.2\commons-collections-3.2.2.jar;D:\repository\com\netflix\netflix-commons\netflix-commons-util\0.1.1\netflix-commons-util-0.1.1.jar;D:\repository\com\netflix\ribbon\ribbon-loadbalancer\2.3.0\ribbon-loadbalancer-2.3.0.jar;D:\repository\com\netflix\netflix-commons\netflix-statistics\0.1.1\netflix-statistics-0.1.1.jar;D:\repository\io\reactivex\rxjava\1.3.8\rxjava-1.3.8.jar;D:\repository\com\netflix\ribbon\ribbon-eureka\2.3.0\ribbon-eureka-2.3.0.jar;D:\repository\junit\junit\4.7\junit-4.7.jar;D:\repository\com\google\code\gson\gson\2.8.5\gson-2.8.5.jar;D:\repository\net\sf\ehcache\ehcache\2.10.6\ehcache-2.10.6.jar;D:\repository\org\slf4j\slf4j-api\1.7.25\slf4j-api-1.7.25.jar;D:\repository\org\springframework\boot\spring-boot-starter-data-jpa\2.1.2.RELEASE\spring-boot-starter-data-jpa-2.1.2.RELEASE.jar;D:\repository\org\springframework\boot\spring-boot-starter-aop\2.1.2.RELEASE\spring-boot-starter-aop-2.1.2.RELEASE.jar;D:\repository\org\springframework\spring-aop\5.1.4.RELEASE\spring-aop-5.1.4.RELEASE.jar;D:\repository\org\aspectj\aspectjweaver\1.9.2\aspectjweaver-1.9.2.jar;D:\repository\javax\transaction\javax.transaction-api\1.3\javax.transaction-api-1.3.jar;D:\repository\javax\xml\bind\jaxb-api\2.3.1\jaxb-api-2.3.1.jar;D:\repository\javax\activation\javax.activation-api\1.2.0\javax.activation-api-1.2.0.jar;D:\repository\org\hibernate\hibernate-core\5.3.7.Final\hibernate-core-5.3.7.Final.jar;D:\repository\org\jboss\logging\jboss-logging\3.3.2.Final\jboss-logging-3.3.2.Final.jar;D:\repository\javax\persistence\javax.persistence-api\2.2\javax.persistence-api-2.2.jar;D:\repository\org\javassist\javassist\3.23.1-GA\javassist-3.23.1-GA.jar;D:\repository\net\bytebuddy\byte-buddy\1.9.7\byte-buddy-1.9.7.jar;D:\repository\antlr\antlr\2.7.7\antlr-2.7.7.jar;D:\repository\org\jboss\jandex\2.0.5.Final\jandex-2.0.5.Final.jar;D:\repository\com\fasterxml\classmate\1.4.0\classmate-1.4.0.jar;D:\repository\org\dom4j\dom4j\2.1.1\dom4j-2.1.1.jar;D:\repository\org\hibernate\common\hibernate-commons-annotations\5.0.4.Final\hibernate-commons-annotations-5.0.4.Final.jar;D:\repository\org\springframework\data\spring-data-jpa\2.1.4.RELEASE\spring-data-jpa-2.1.4.RELEASE.jar;D:\repository\org\springframework\data\spring-data-commons\2.1.4.RELEASE\spring-data-commons-2.1.4.RELEASE.jar;D:\repository\org\springframework\spring-orm\5.1.4.RELEASE\spring-orm-5.1.4.RELEASE.jar;D:\repository\org\springframework\spring-aspects\5.1.4.RELEASE\spring-aspects-5.1.4.RELEASE.jar;D:\repository\org\springframework\spring-context-support\5.3.3\spring-context-support-5.3.3.jar;D:\repository\org\springframework\spring-beans\5.1.4.RELEASE\spring-beans-5.1.4.RELEASE.jar;D:\repository\org\springframework\spring-context\5.1.4.RELEASE\spring-context-5.1.4.RELEASE.jar;D:\repository\org\springframework\spring-expression\5.1.4.RELEASE\spring-expression-5.1.4.RELEASE.jar;D:\repository\org\springframework\spring-core\5.1.4.RELEASE\spring-core-5.1.4.RELEASE.jar;D:\repository\org\springframework\spring-jcl\5.1.4.RELEASE\spring-jcl-5.1.4.RELEASE.jar;D:\repository\org\springframework\boot\spring-boot-starter-web\2.1.2.RELEASE\spring-boot-starter-web-2.1.2.RELEASE.jar;D:\repository\org\springframework\boot\spring-boot-starter\2.1.2.RELEASE\spring-boot-starter-2.1.2.RELEASE.jar;D:\repository\org\springframework\boot\spring-boot\2.1.2.RELEASE\spring-boot-2.1.2.RELEASE.jar;D:\repository\org\springframework\boot\spring-boot-starter-logging\2.1.2.RELEASE\spring-boot-starter-logging-2.1.2.RELEASE.jar;D:\repository\ch\qos\logback\logback-classic\1.2.3\logback-classic-1.2.3.jar;D:\repository\ch\qos\logback\logback-core\1.2.3\logback-core-1.2.3.jar;D:\repository\org\apache\logging\log4j\log4j-to-slf4j\2.11.1\log4j-to-slf4j-2.11.1.jar;D:\repository\org\apache\logging\log4j\log4j-api\2.11.1\log4j-api-2.11.1.jar;D:\repository\org\slf4j\jul-to-slf4j\1.7.25\jul-to-slf4j-1.7.25.jar;D:\repository\javax\annotation\javax.annotation-api\1.3.2\javax.annotation-api-1.3.2.jar;D:\repository\org\yaml\snakeyaml\1.23\snakeyaml-1.23.jar;D:\repository\org\springframework\boot\spring-boot-starter-json\2.1.2.RELEASE\spring-boot-starter-json-2.1.2.RELEASE.jar;D:\repository\com\fasterxml\jackson\core\jackson-databind\2.9.8\jackson-databind-2.9.8.jar;D:\repository\com\fasterxml\jackson\datatype\jackson-datatype-jdk8\2.9.8\jackson-datatype-jdk8-2.9.8.jar;D:\repository\com\fasterxml\jackson\datatype\jackson-datatype-jsr310\2.9.8\jackson-datatype-jsr310-2.9.8.jar;D:\repository\com\fasterxml\jackson\module\jackson-module-parameter-names\2.9.8\jackson-module-parameter-names-2.9.8.jar;D:\repository\org\springframework\boot\spring-boot-starter-tomcat\2.1.2.RELEASE\spring-boot-starter-tomcat-2.1.2.RELEASE.jar;D:\repository\org\apache\tomcat\embed\tomcat-embed-core\9.0.14\tomcat-embed-core-9.0.14.jar;D:\repository\org\apache\tomcat\embed\tomcat-embed-el\9.0.14\tomcat-embed-el-9.0.14.jar;D:\repository\org\apache\tomcat\embed\tomcat-embed-websocket\9.0.14\tomcat-embed-websocket-9.0.14.jar;D:\repository\org\hibernate\validator\hibernate-validator\6.0.14.Final\hibernate-validator-6.0.14.Final.jar;D:\repository\javax\validation\validation-api\2.0.1.Final\validation-api-2.0.1.Final.jar;D:\repository\org\springframework\spring-web\5.1.4.RELEASE\spring-web-5.1.4.RELEASE.jar;D:\repository\org\springframework\spring-webmvc\5.1.4.RELEASE\spring-webmvc-5.1.4.RELEASE.jar;D:\repository\org\springframework\boot\spring-boot-starter-thymeleaf\2.1.2.RELEASE\spring-boot-starter-thymeleaf-2.1.2.RELEASE.jar;D:\repository\org\thymeleaf\thymeleaf-spring5\3.0.11.RELEASE\thymeleaf-spring5-3.0.11.RELEASE.jar;D:\repository\org\thymeleaf\thymeleaf\3.0.11.RELEASE\thymeleaf-3.0.11.RELEASE.jar;D:\repository\org\attoparser\attoparser\2.0.5.RELEASE\attoparser-2.0.5.RELEASE.jar;D:\repository\org\unbescape\unbescape\1.1.6.RELEASE\unbescape-1.1.6.RELEASE.jar;D:\repository\org\thymeleaf\extras\thymeleaf-extras-java8time\3.0.2.RELEASE\thymeleaf-extras-java8time-3.0.2.RELEASE.jar;D:\repository\org\springframework\boot\spring-boot-starter-jdbc\2.1.2.RELEASE\spring-boot-starter-jdbc-2.1.2.RELEASE.jar;D:\repository\com\zaxxer\HikariCP\3.2.0\HikariCP-3.2.0.jar;D:\repository\org\springframework\spring-jdbc\5.1.4.RELEASE\spring-jdbc-5.1.4.RELEASE.jar;D:\repository\org\mybatis\spring\boot\mybatis-spring-boot-starter\2.1.1\mybatis-spring-boot-starter-2.1.1.jar;D:\repository\org\mybatis\spring\boot\mybatis-spring-boot-autoconfigure\2.1.1\mybatis-spring-boot-autoconfigure-2.1.1.jar;D:\repository\org\springframework\boot\spring-boot-starter-quartz\2.1.2.RELEASE\spring-boot-starter-quartz-2.1.2.RELEASE.jar;D:\repository\org\springframework\spring-tx\5.1.4.RELEASE\spring-tx-5.1.4.RELEASE.jar;D:\repository\org\quartz-scheduler\quartz\2.3.0\quartz-2.3.0.jar;D:\repository\com\mchange\mchange-commons-java\0.2.11\mchange-commons-java-0.2.11.jar;D:\repository\org\mybatis\mybatis-spring\2.0.5\mybatis-spring-2.0.5.jar;D:\repository\org\mybatis\mybatis\3.5.6\mybatis-3.5.6.jar;D:\repository\com\baomidou\mybatis-plus-boot-starter\3.4.2\mybatis-plus-boot-starter-3.4.2.jar;D:\repository\com\baomidou\mybatis-plus\3.4.2\mybatis-plus-3.4.2.jar;D:\repository\com\baomidou\mybatis-plus-extension\3.4.2\mybatis-plus-extension-3.4.2.jar;D:\repository\com\baomidou\mybatis-plus-core\3.4.2\mybatis-plus-core-3.4.2.jar;D:\repository\com\baomidou\mybatis-plus-annotation\3.4.2\mybatis-plus-annotation-3.4.2.jar;D:\repository\com\github\jsqlparser\jsqlparser\4.0\jsqlparser-4.0.jar;D:\repository\org\springframework\boot\spring-boot-autoconfigure\2.1.2.RELEASE\spring-boot-autoconfigure-2.1.2.RELEASE.jar;D:\repository\org\apache\tomcat\tomcat-jdbc\9.0.14\tomcat-jdbc-9.0.14.jar;D:\repository\org\apache\tomcat\tomcat-juli\9.0.14\tomcat-juli-9.0.14.jar;D:\repository\mysql\mysql-connector-java\5.1.37\mysql-connector-java-5.1.37.jar;D:\repository\com\alibaba\fastjson\1.2.76\fastjson-1.2.76.jar;D:\repository\redis\clients\jedis\2.9.1\jedis-2.9.1.jar;D:\repository\org\apache\commons\commons-pool2\2.6.0\commons-pool2-2.6.0.jar;D:\repository\org\springframework\boot\spring-boot-configuration-processor\2.1.2.RELEASE\spring-boot-configuration-processor-2.1.2.RELEASE.jar;D:\repository\org\projectlombok\lombok\1.18.4\lombok-1.18.4.jar;D:\repository\org\springframework\cloud\spring-cloud-starter-netflix-eureka-client\2.1.2.RELEASE\spring-cloud-starter-netflix-eureka-client-2.1.2.RELEASE.jar;D:\repository\org\springframework\cloud\spring-cloud-netflix-hystrix\2.1.2.RELEASE\spring-cloud-netflix-hystrix-2.1.2.RELEASE.jar;D:\repository\org\springframework\cloud\spring-cloud-netflix-eureka-client\2.1.2.RELEASE\spring-cloud-netflix-eureka-client-2.1.2.RELEASE.jar;D:\repository\com\netflix\eureka\eureka-client\1.9.12\eureka-client-1.9.12.jar;D:\repository\org\codehaus\jettison\jettison\1.3.7\jettison-1.3.7.jar;D:\repository\stax\stax-api\1.0.1\stax-api-1.0.1.jar;D:\repository\com\netflix\netflix-commons\netflix-eventbus\0.3.0\netflix-eventbus-0.3.0.jar;D:\repository\com\netflix\netflix-commons\netflix-infix\0.3.0\netflix-infix-0.3.0.jar;D:\repository\commons-jxpath\commons-jxpath\1.3\commons-jxpath-1.3.jar;D:\repository\joda-time\joda-time\2.10.1\joda-time-2.10.1.jar;D:\repository\org\antlr\antlr-runtime\3.4\antlr-runtime-3.4.jar;D:\repository\org\antlr\stringtemplate\3.2.1\stringtemplate-3.2.1.jar;D:\repository\org\apache\commons\commons-math\2.2\commons-math-2.2.jar;D:\repository\javax\ws\rs\jsr311-api\1.1.1\jsr311-api-1.1.1.jar;D:\repository\com\netflix\servo\servo-core\0.12.21\servo-core-0.12.21.jar;D:\repository\com\sun\jersey\jersey-core\1.19.1\jersey-core-1.19.1.jar;D:\repository\com\sun\jersey\jersey-client\1.19.1\jersey-client-1.19.1.jar;D:\repository\com\sun\jersey\contribs\jersey-apache-client4\1.19.1\jersey-apache-client4-1.19.1.jar;D:\repository\org\apache\httpcomponents\httpclient\4.5.6\httpclient-4.5.6.jar;D:\repository\org\apache\httpcomponents\httpcore\4.4.10\httpcore-4.4.10.jar;D:\repository\commons-codec\commons-codec\1.11\commons-codec-1.11.jar;D:\repository\com\google\inject\guice\4.1.0\guice-4.1.0.jar;D:\repository\aopalliance\aopalliance\1.0\aopalliance-1.0.jar;D:\repository\com\github\vlsi\compactmap\compactmap\1.2.1\compactmap-1.2.1.jar;D:\repository\com\github\andrewoma\dexx\dexx-collections\0.2\dexx-collections-0.2.jar;D:\repository\com\fasterxml\jackson\core\jackson-annotations\2.9.0\jackson-annotations-2.9.0.jar;D:\repository\com\fasterxml\jackson\core\jackson-core\2.9.8\jackson-core-2.9.8.jar;D:\repository\com\netflix\eureka\eureka-core\1.9.12\eureka-core-1.9.12.jar;D:\repository\com\fasterxml\woodstox\woodstox-core\5.2.1\woodstox-core-5.2.1.jar;D:\repository\com\thoughtworks\xstream\xstream\1.4.10\xstream-1.4.10.jar;D:\repository\xmlpull\xmlpull\1.1.3.1\xmlpull-1.1.3.1.jar;D:\repository\xpp3\xpp3_min\1.1.4c\xpp3_min-1.1.4c.jar;D:\repository\org\springframework\kafka\spring-kafka\2.2.3.RELEASE\spring-kafka-2.2.3.RELEASE.jar;D:\repository\org\springframework\spring-messaging\5.1.4.RELEASE\spring-messaging-5.1.4.RELEASE.jar;D:\repository\org\springframework\retry\spring-retry\1.2.3.RELEASE\spring-retry-1.2.3.RELEASE.jar;D:\repository\org\apache\kafka\kafka-clients\2.0.1\kafka-clients-2.0.1.jar;D:\repository\org\lz4\lz4-java\1.4.1\lz4-java-1.4.1.jar;D:\repository\org\xerial\snappy\snappy-java\1.1.7.1\snappy-java-1.1.7.1.jar;"/>
    <property name="sun.cpu.endian" value="little"/>
    <property name="user.home" value="C:\Users\86158"/>
    <property name="user.language" value="zh"/>
    <property name="java.specification.vendor" value="Oracle Corporation"/>
    <property name="java.home" value="C:\Program Files\Java\jdk1.8.0_281\jre"/>
    <property name="basedir" value="D:\学习\parent\jyw-learn"/>
    <property name="file.separator" value="\"/>
    <property name="line.separator" value="&#10;"/>
    <property name="java.vm.specification.vendor" value="Oracle Corporation"/>
    <property name="java.specification.name" value="Java Platform API Specification"/>
    <property name="java.awt.graphicsenv" value="sun.awt.Win32GraphicsEnvironment"/>
    <property name="surefire.real.class.path" value="C:\Users\86158\AppData\Local\Temp\surefire6920843051234332507\surefirebooter7079413007686775704.jar"/>
    <property name="sun.boot.class.path" value="C:\Program Files\Java\jdk1.8.0_281\jre\lib\resources.jar;C:\Program Files\Java\jdk1.8.0_281\jre\lib\rt.jar;C:\Program Files\Java\jdk1.8.0_281\jre\lib\sunrsasign.jar;C:\Program Files\Java\jdk1.8.0_281\jre\lib\jsse.jar;C:\Program Files\Java\jdk1.8.0_281\jre\lib\jce.jar;C:\Program Files\Java\jdk1.8.0_281\jre\lib\charsets.jar;C:\Program Files\Java\jdk1.8.0_281\jre\lib\jfr.jar;C:\Program Files\Java\jdk1.8.0_281\jre\classes"/>
    <property name="user.script" value=""/>
    <property name="sun.management.compiler" value="HotSpot 64-Bit Tiered Compilers"/>
    <property name="java.runtime.version" value="1.8.0_281-b09"/>
    <property name="user.name" value="jyw"/>
    <property name="path.separator" value=";"/>
    <property name="os.version" value="10.0"/>
    <property name="java.endorsed.dirs" value="C:\Program Files\Java\jdk1.8.0_281\jre\lib\endorsed"/>
    <property name="java.runtime.name" value="Java(TM) SE Runtime Environment"/>
    <property name="file.encoding" value="GBK"/>
    <property name="java.vm.name" value="Java HotSpot(TM) 64-Bit Server VM"/>
    <property name="localRepository" value="D:\repository"/>
    <property name="java.vendor.url.bug" value="http://bugreport.sun.com/bugreport/"/>
    <property name="java.io.tmpdir" value="C:\Users\86158\AppData\Local\Temp\"/>
    <property name="java.version" value="1.8.0_281"/>
    <property name="user.dir" value="D:\学习\parent\jyw-learn"/>
    <property name="os.arch" value="amd64"/>
    <property name="java.vm.specification.name" value="Java Virtual Machine Specification"/>
    <property name="java.awt.printerjob" value="sun.awt.windows.WPrinterJob"/>
    <property name="sun.os.patch.level" value=""/>
    <property name="java.library.path" value="C:\Program Files\Java\jdk1.8.0_281\jre\bin;C:\WINDOWS\Sun\Java\bin;C:\WINDOWS\system32;C:\WINDOWS;C:\Program Files (x86)\Common Files\Oracle\Java\javapath;C:\ProgramData\Oracle\Java\javapath;D:\app\jyw\product\11.2.0\dbhome_1\bin;C:\WINDOWS\system32;C:\WINDOWS;C:\WINDOWS\System32\Wbem;C:\WINDOWS\System32\WindowsPowerShell\v1.0\;C:\WINDOWS\System32\OpenSSH\;C:\Program Files\Java\jdk1.8.0_281\bin;C:\Program Files\Java\jdk1.8.0_281\jre\bin;D:\Program Files\Git\cmd;D:\apache-maven-3.8.1\bin;D:\flutter\bin;D:\Program Files\nodejs\;D:\Program Files\nodejs\node_global;D:\apache-cxf-3.4.3\bin;C:\Program Files (x86)\NetSarang\Xshell 7\;C:\Users\86158\AppData\Local\Microsoft\WindowsApps;D:\Users\86158\AppData\Local\Programs\Microsoft VS Code\bin;D:\flutter\bin;C:\Users\86158\AppData\Roaming\npm;D:\Program Files (x86)\Sophos\Sophos SSL VPN Client\bin;."/>
    <property name="java.vm.info" value="mixed mode"/>
    <property name="java.vendor" value="Oracle Corporation"/>
    <property name="java.vm.version" value="25.281-b09"/>
    <property name="java.ext.dirs" value="C:\Program Files\Java\jdk1.8.0_281\jre\lib\ext;C:\WINDOWS\Sun\Java\lib\ext"/>
    <property name="sun.io.unicode.encoding" value="UnicodeLittle"/>
    <property name="java.class.version" value="52.0"/>
  </properties>
  <testcase name="shouldAnswerWithTrue" classname="com.jyw.learn.AppTest" time="0.004"/>
</testsuite>